<?xml version="1.0" encoding="UTF-8"?>
<testng-results ignored="0" total="1" passed="1" failed="0" skipped="0">
  <reporter-output>
  </reporter-output>
  <suite started-at="2025-05-31T12:42:19 IST" name="Default suite" finished-at="2025-05-31T12:43:54 IST" duration-ms="95132">
    <groups>
    </groups>
    <test started-at="2025-05-31T12:42:19 IST" name="Default test" finished-at="2025-05-31T12:43:54 IST" duration-ms="95132">
      <class name="testcase.TestCase">
        <test-method is-config="true" signature="setup()[pri:0, instance:testcase.TestCase@229f66ed]" started-at="2025-05-31T12:42:19 IST" name="setup" finished-at="2025-05-31T12:43:36 IST" duration-ms="76636" status="PASS">
          <reporter-output>
          </reporter-output>
        </test-method> <!-- setup -->
        <test-method is-config="true" signature="Login()[pri:0, instance:testcase.TestCase@229f66ed]" started-at="2025-05-31T12:43:36 IST" name="Login" finished-at="2025-05-31T12:43:38 IST" duration-ms="2616" status="PASS">
          <reporter-output>
          </reporter-output>
        </test-method> <!-- Login -->
        <test-method signature="TC_001()[pri:0, instance:testcase.TestCase@229f66ed]" started-at="2025-05-31T12:43:38 IST" name="TC_001" finished-at="2025-05-31T12:43:51 IST" duration-ms="12655" status="PASS">
          <reporter-output>
          </reporter-output>
        </test-method> <!-- TC_001 -->
        <test-method is-config="true" signature="Logout()[pri:0, instance:testcase.TestCase@229f66ed]" started-at="2025-05-31T12:43:51 IST" name="Logout" finished-at="2025-05-31T12:43:53 IST" duration-ms="1580" status="PASS">
          <reporter-output>
          </reporter-output>
        </test-method> <!-- Logout -->
        <test-method is-config="true" signature="Teardown()[pri:0, instance:testcase.TestCase@229f66ed]" started-at="2025-05-31T12:43:53 IST" name="Teardown" finished-at="2025-05-31T12:43:54 IST" duration-ms="1119" status="PASS">
          <reporter-output>
          </reporter-output>
        </test-method> <!-- Teardown -->
      </class> <!-- testcase.TestCase -->
    </test> <!-- Default test -->
  </suite> <!-- Default suite -->
</testng-results>
