<?xml version="1.0" encoding="UTF-8"?>
<testng-results ignored="0" total="1" passed="1" failed="0" skipped="0">
  <reporter-output>
  </reporter-output>
  <suite started-at="2026-02-20T16:54:30 IST" name="Default suite" finished-at="2026-02-20T16:54:54 IST" duration-ms="24734">
    <groups>
    </groups>
    <test started-at="2026-02-20T16:54:30 IST" name="Default test" finished-at="2026-02-20T16:54:54 IST" duration-ms="24734">
      <class name="testcase.TestCase">
        <test-method is-config="true" signature="setup()[pri:0, instance:testcase.TestCase@4961f6af]" started-at="2026-02-20T16:54:30 IST" name="setup" finished-at="2026-02-20T16:54:42 IST" duration-ms="12566" status="PASS">
          <reporter-output>
          </reporter-output>
        </test-method> <!-- setup -->
        <test-method is-config="true" signature="Login()[pri:0, instance:testcase.TestCase@4961f6af]" started-at="2026-02-20T16:54:42 IST" name="Login" finished-at="2026-02-20T16:54:44 IST" duration-ms="1519" status="PASS">
          <reporter-output>
          </reporter-output>
        </test-method> <!-- Login -->
        <test-method signature="TC_001()[pri:0, instance:testcase.TestCase@4961f6af]" started-at="2026-02-20T16:54:44 IST" name="TC_001" finished-at="2026-02-20T16:54:52 IST" duration-ms="8424" status="PASS">
          <reporter-output>
          </reporter-output>
        </test-method> <!-- TC_001 -->
        <test-method is-config="true" signature="Logout()[pri:0, instance:testcase.TestCase@4961f6af]" started-at="2026-02-20T16:54:52 IST" name="Logout" finished-at="2026-02-20T16:54:54 IST" duration-ms="1713" status="PASS">
          <reporter-output>
          </reporter-output>
        </test-method> <!-- Logout -->
        <test-method is-config="true" signature="Teardown()[pri:0, instance:testcase.TestCase@4961f6af]" started-at="2026-02-20T16:54:54 IST" name="Teardown" finished-at="2026-02-20T16:54:54 IST" duration-ms="322" status="PASS">
          <reporter-output>
          </reporter-output>
        </test-method> <!-- Teardown -->
      </class> <!-- testcase.TestCase -->
    </test> <!-- Default test -->
  </suite> <!-- Default suite -->
</testng-results>
